<?xml version="1.0" encoding="UTF-8"?>
<!-- Generated by org.testng.reporters.JUnitReportReporter -->
<testsuite hostname="MA-LT91149" name="com.testng.example.ExampleTestSuite" tests="1" failures="0" timestamp="29 Oct 2014 00:51:38 GMT" time="0.006" errors="0">
  <testcase name="test" time="0.006" classname="com.testng.example.ExampleTestSuite"/>
</testsuite> <!-- com.testng.example.ExampleTestSuite -->
